[debug] [2026-03-30T19:38:39.680Z] ----------------------------------------------------------------------
[debug] [2026-03-30T19:38:39.682Z] Command:       /Users/leonardoribeiro/.nvm/versions/node/v22.21.1/bin/node /Users/leonardoribeiro/.nvm/versions/node/v22.21.1/bin/firebase deploy --only functions
[debug] [2026-03-30T19:38:39.682Z] CLI Version:   15.9.1
[debug] [2026-03-30T19:38:39.682Z] Platform:      darwin
[debug] [2026-03-30T19:38:39.682Z] Node Version:  v22.21.1
[debug] [2026-03-30T19:38:39.683Z] Time:          Mon Mar 30 2026 16:38:39 GMT-0300 (Brasilia Standard Time)
[debug] [2026-03-30T19:38:39.683Z] ----------------------------------------------------------------------
[debug] 
[debug] [2026-03-30T19:38:40.709Z] > command requires scopes: ["email","openid","https://www.googleapis.com/auth/cloudplatformprojects.readonly","https://www.googleapis.com/auth/firebase","https://www.googleapis.com/auth/cloud-platform"]
[debug] [2026-03-30T19:38:40.709Z] > authorizing via signed-in user (blutecnologiasbr@gmail.com)
[debug] [2026-03-30T19:38:40.709Z] [iam] checking project blu-app-camara for permissions ["cloudfunctions.functions.create","cloudfunctions.functions.delete","cloudfunctions.functions.get","cloudfunctions.functions.list","cloudfunctions.functions.update","cloudfunctions.operations.get","firebase.projects.get"]
[debug] [2026-03-30T19:38:40.710Z] Checked if tokens are valid: false, expires at: 1774882102065
[debug] [2026-03-30T19:38:40.710Z] Checked if tokens are valid: false, expires at: 1774882102065
[debug] [2026-03-30T19:38:40.710Z] > refreshing access token with scopes: []
[debug] [2026-03-30T19:38:40.711Z] >>> [apiv2][query] POST https://www.googleapis.com/oauth2/v3/token [none]
[debug] [2026-03-30T19:38:40.711Z] >>> [apiv2][body] POST https://www.googleapis.com/oauth2/v3/token [omitted]
[debug] [2026-03-30T19:38:41.068Z] <<< [apiv2][status] POST https://www.googleapis.com/oauth2/v3/token 200
[debug] [2026-03-30T19:38:41.068Z] <<< [apiv2][body] POST https://www.googleapis.com/oauth2/v3/token [omitted]
[debug] [2026-03-30T19:38:41.080Z] >>> [apiv2][query] POST https://cloudresourcemanager.googleapis.com/v1/projects/blu-app-camara:testIamPermissions [none]
[debug] [2026-03-30T19:38:41.080Z] >>> [apiv2][(partial)header] POST https://cloudresourcemanager.googleapis.com/v1/projects/blu-app-camara:testIamPermissions  x-goog-user-project=blu-app-camara
[debug] [2026-03-30T19:38:41.080Z] >>> [apiv2][body] POST https://cloudresourcemanager.googleapis.com/v1/projects/blu-app-camara:testIamPermissions {"permissions":["cloudfunctions.functions.create","cloudfunctions.functions.delete","cloudfunctions.functions.get","cloudfunctions.functions.list","cloudfunctions.functions.update","cloudfunctions.operations.get","firebase.projects.get"]}
[debug] [2026-03-30T19:38:42.250Z] <<< [apiv2][status] POST https://cloudresourcemanager.googleapis.com/v1/projects/blu-app-camara:testIamPermissions 200
[debug] [2026-03-30T19:38:42.250Z] <<< [apiv2][body] POST https://cloudresourcemanager.googleapis.com/v1/projects/blu-app-camara:testIamPermissions {"permissions":["cloudfunctions.functions.create","cloudfunctions.functions.delete","cloudfunctions.functions.get","cloudfunctions.functions.list","cloudfunctions.functions.update","cloudfunctions.operations.get","firebase.projects.get"]}
[debug] [2026-03-30T19:38:42.250Z] Checked if tokens are valid: true, expires at: 1774903120068
[debug] [2026-03-30T19:38:42.250Z] Checked if tokens are valid: true, expires at: 1774903120068
[debug] [2026-03-30T19:38:42.250Z] >>> [apiv2][query] POST https://iam.googleapis.com/v1/projects/blu-app-camara/serviceAccounts/blu-app-camara@appspot.gserviceaccount.com:testIamPermissions [none]
[debug] [2026-03-30T19:38:42.250Z] >>> [apiv2][body] POST https://iam.googleapis.com/v1/projects/blu-app-camara/serviceAccounts/blu-app-camara@appspot.gserviceaccount.com:testIamPermissions {"permissions":["iam.serviceAccounts.actAs"]}
[debug] [2026-03-30T19:38:43.386Z] <<< [apiv2][status] POST https://iam.googleapis.com/v1/projects/blu-app-camara/serviceAccounts/blu-app-camara@appspot.gserviceaccount.com:testIamPermissions 200
[debug] [2026-03-30T19:38:43.386Z] <<< [apiv2][body] POST https://iam.googleapis.com/v1/projects/blu-app-camara/serviceAccounts/blu-app-camara@appspot.gserviceaccount.com:testIamPermissions {"permissions":["iam.serviceAccounts.actAs"]}
[info] 
[info] === Deploying to 'blu-app-camara'...
[info] 
[info] i  deploying functions 
[info] Running command: npm --prefix "$RESOURCE_DIR" run lint
